Build started 03-Apr-16 3:18:15 PM.
     1>Project "C:\Users\Mohammed\Desktop\Needleman-Wunsch Global Alignment Algorithm\Needleman-Wunsch Global Alignment Algorithm\Needleman-Wunsch Global Alignment Algorithm.vcxproj" on node 2 (Rebuild target(s)).
     1>CudaClean:
         cmd.exe /C "C:\Users\Mohammed\AppData\Local\Temp\tmp6179a3494cf54eb68164846ca2833cb5.cmd"
         "C:\Program Files\NVIDIA GPU Computing Toolkit\CUDA\v7.5\bin\nvcc.exe" -ccbin "C:\Program Files (x86)\Microsoft Visual Studio 12.0\VC\bin"  -I"C:\Program Files\NVIDIA GPU Computing Toolkit\CUDA\v7.5\include" -I"C:\Program Files\NVIDIA GPU Computing Toolkit\CUDA\v7.5\include"  -G   --keep-dir Debug -maxrregcount=0  --machine 32 --compile   -g   -DWIN32 -D_DEBUG -D_CONSOLE -D_MBCS -Xcompiler "/EHsc /W3 /nologo /Od /Zi /RTC1 /MDd " -o Debug\kernel.cu.obj "C:\Users\Mohammed\Desktop\Needleman-Wunsch Global Alignment Algorithm\Needleman-Wunsch Global Alignment Algorithm\kernel.cu" -clean
         
         C:\Users\Mohammed\Desktop\Needleman-Wunsch Global Alignment Algorithm\Needleman-Wunsch Global Alignment Algorithm>"C:\Program Files\NVIDIA GPU Computing Toolkit\CUDA\v7.5\bin\nvcc.exe" -ccbin "C:\Program Files (x86)\Microsoft Visual Studio 12.0\VC\bin"  -I"C:\Program Files\NVIDIA GPU Computing Toolkit\CUDA\v7.5\include" -I"C:\Program Files\NVIDIA GPU Computing Toolkit\CUDA\v7.5\include"  -G   --keep-dir Debug -maxrregcount=0  --machine 32 --compile   -g   -DWIN32 -D_DEBUG -D_CONSOLE -D_MBCS -Xcompiler "/EHsc /W3 /nologo /Od /Zi /RTC1 /MDd " -o Debug\kernel.cu.obj "C:\Users\Mohammed\Desktop\Needleman-Wunsch Global Alignment Algorithm\Needleman-Wunsch Global Alignment Algorithm\kernel.cu" -clean 
         kernel.cu
       AddCudaCompileDeps:
         C:\Program Files (x86)\Microsoft Visual Studio 12.0\VC\bin\cl.exe /E /nologo /showIncludes /TP /D__CUDACC__ /DWIN32 /D_DEBUG /D_CONSOLE /D_MBCS /I"C:\Program Files\NVIDIA GPU Computing Toolkit\CUDA\v7.5\include" /I"C:\Program Files\NVIDIA GPU Computing Toolkit\CUDA\v7.5\bin" /I"C:\Program Files\NVIDIA GPU Computing Toolkit\CUDA\v7.5\include" /I. /FIcuda_runtime.h /c "C:\Users\Mohammed\Desktop\Needleman-Wunsch Global Alignment Algorithm\Needleman-Wunsch Global Alignment Algorithm\kernel.cu" 
       CudaBuild:
         Compiling CUDA source file kernel.cu...
         cmd.exe /C "C:\Users\Mohammed\AppData\Local\Temp\tmp12dd9ac3084749ba9fb21a9d79c5f3c6.cmd"
         "C:\Program Files\NVIDIA GPU Computing Toolkit\CUDA\v7.5\bin\nvcc.exe" -gencode=arch=compute_20,code=\"sm_20,compute_20\" --use-local-env --cl-version 2013 -ccbin "C:\Program Files (x86)\Microsoft Visual Studio 12.0\VC\bin"  -I"C:\Program Files\NVIDIA GPU Computing Toolkit\CUDA\v7.5\include" -I"C:\Program Files\NVIDIA GPU Computing Toolkit\CUDA\v7.5\include"  -G   --keep-dir Debug -maxrregcount=0  --machine 32 --compile -cudart static  -g   -DWIN32 -D_DEBUG -D_CONSOLE -D_MBCS -Xcompiler "/EHsc /W3 /nologo /Od /Zi /RTC1 /MDd " -o Debug\kernel.cu.obj "C:\Users\Mohammed\Desktop\Needleman-Wunsch Global Alignment Algorithm\Needleman-Wunsch Global Alignment Algorithm\kernel.cu"
         
         C:\Users\Mohammed\Desktop\Needleman-Wunsch Global Alignment Algorithm\Needleman-Wunsch Global Alignment Algorithm>"C:\Program Files\NVIDIA GPU Computing Toolkit\CUDA\v7.5\bin\nvcc.exe" -gencode=arch=compute_20,code=\"sm_20,compute_20\" --use-local-env --cl-version 2013 -ccbin "C:\Program Files (x86)\Microsoft Visual Studio 12.0\VC\bin"  -I"C:\Program Files\NVIDIA GPU Computing Toolkit\CUDA\v7.5\include" -I"C:\Program Files\NVIDIA GPU Computing Toolkit\CUDA\v7.5\include"  -G   --keep-dir Debug -maxrregcount=0  --machine 32 --compile -cudart static  -g   -DWIN32 -D_DEBUG -D_CONSOLE -D_MBCS -Xcompiler "/EHsc /W3 /nologo /Od /Zi /RTC1 /MDd " -o Debug\kernel.cu.obj "C:\Users\Mohammed\Desktop\Needleman-Wunsch Global Alignment Algorithm\Needleman-Wunsch Global Alignment Algorithm\kernel.cu" 
         kernel.cu
       Link:
         C:\Program Files (x86)\Microsoft Visual Studio 12.0\VC\bin\link.exe /ERRORREPORT:PROMPT /OUT:"C:\Users\Mohammed\Desktop\Needleman-Wunsch Global Alignment Algorithm\Debug\Needleman-Wunsch Global Alignment Algorithm.exe" /INCREMENTAL /NOLOGO /LIBPATH:"C:\Program Files\NVIDIA GPU Computing Toolkit\CUDA\v7.5\lib\Win32" cudart.lib kernel32.lib user32.lib gdi32.lib winspool.lib comdlg32.lib advapi32.lib shell32.lib ole32.lib oleaut32.lib uuid.lib odbc32.lib odbccp32.lib kernel32.lib user32.lib gdi32.lib winspool.lib comdlg32.lib advapi32.lib shell32.lib ole32.lib oleaut32.lib uuid.lib odbc32.lib odbccp32.lib /MANIFEST /MANIFESTUAC:"level='asInvoker' uiAccess='false'" /manifest:embed /DEBUG /PDB:"C:\Users\Mohammed\Desktop\Needleman-Wunsch Global Alignment Algorithm\Debug\Needleman-Wunsch Global Alignment Algorithm.pdb" /SUBSYSTEM:CONSOLE /TLBID:1 /DYNAMICBASE /NXCOMPAT /IMPLIB:"C:\Users\Mohammed\Desktop\Needleman-Wunsch Global Alignment Algorithm\Debug\Needleman-Wunsch Global Alignment Algorithm.lib" /MACHINE:X86 Debug\kernel.cu.obj
         Needleman-Wunsch Global Alignment Algorithm.vcxproj -> C:\Users\Mohammed\Desktop\Needleman-Wunsch Global Alignment Algorithm\Debug\Needleman-Wunsch Global Alignment Algorithm.exe
       PostBuildEvent:
         echo copy "C:\Program Files\NVIDIA GPU Computing Toolkit\CUDA\v7.5\bin\cudart*.dll" "C:\Users\Mohammed\Desktop\Needleman-Wunsch Global Alignment Algorithm\Debug\"
         copy "C:\Program Files\NVIDIA GPU Computing Toolkit\CUDA\v7.5\bin\cudart*.dll" "C:\Users\Mohammed\Desktop\Needleman-Wunsch Global Alignment Algorithm\Debug\"
         :VCEnd
         copy "C:\Program Files\NVIDIA GPU Computing Toolkit\CUDA\v7.5\bin\cudart*.dll" "C:\Users\Mohammed\Desktop\Needleman-Wunsch Global Alignment Algorithm\Debug\"
         C:\Program Files\NVIDIA GPU Computing Toolkit\CUDA\v7.5\bin\cudart32_75.dll
         C:\Program Files\NVIDIA GPU Computing Toolkit\CUDA\v7.5\bin\cudart64_75.dll
                 2 file(s) copied.
     1>Done Building Project "C:\Users\Mohammed\Desktop\Needleman-Wunsch Global Alignment Algorithm\Needleman-Wunsch Global Alignment Algorithm\Needleman-Wunsch Global Alignment Algorithm.vcxproj" (Rebuild target(s)).

Build succeeded.

Time Elapsed 00:00:25.18
